<?xml version="1.0" encoding="utf-8"?><testsuites><testsuite name="pytest" errors="0" failures="0" skipped="0" tests="4" time="32.861" timestamp="2024-11-22T00:30:33.097169-03:00" hostname="LaptopFefi"><testcase classname="tests.model.test_model.TestModel" name="test_model_fit" time="7.082" /><testcase classname="tests.model.test_model.TestModel" name="test_model_predict" time="8.050" /><testcase classname="tests.model.test_model.TestModel" name="test_model_preprocess_for_serving" time="7.405" /><testcase classname="tests.model.test_model.TestModel" name="test_model_preprocess_for_training" time="7.484" /></testsuite></testsuites>